make --dry-run --always-make --keep-going --print-directory
make: Entering directory '/home/joaobiu/LFEA'
 
echo compiling... src/DataPoints.cpp [bin/DataPoints.o]
g++ -std=c++11 -g -O3 -pthread -std=c++17 -m64 -I/home/joaobiu/root/include -fPIC -c -o bin/DataPoints.o src/DataPoints.cpp -I src -I /usr/include/eigen3 
echo compiling... src/DataReader.cpp [bin/DataReader.o]
g++ -std=c++11 -g -O3 -pthread -std=c++17 -m64 -I/home/joaobiu/root/include -fPIC -c -o bin/DataReader.o src/DataReader.cpp -I src -I /usr/include/eigen3 
echo compiling... src/Fitter.cpp [bin/Fitter.o]
g++ -std=c++11 -g -O3 -pthread -std=c++17 -m64 -I/home/joaobiu/root/include -fPIC -c -o bin/Fitter.o src/Fitter.cpp -I src -I /usr/include/eigen3 
echo compiling... src/analise.cpp [bin/analise.o]
g++ -std=c++11 -g -O3 -pthread -std=c++17 -m64 -I/home/joaobiu/root/include -fPIC -c -o bin/analise.o src/analise.cpp -I src -I /usr/include/eigen3 
echo compiling... src/hist.cpp [bin/hist.o]
g++ -std=c++11 -g -O3 -pthread -std=c++17 -m64 -I/home/joaobiu/root/include -fPIC -c -o bin/hist.o src/hist.cpp -I src -I /usr/include/eigen3 
echo making lib...[bin/DataPoints.o bin/DataReader.o bin/Fitter.o bin/analise.o bin/hist.o]
ar ruv lib/libBIU.a bin/DataPoints.o bin/DataReader.o bin/Fitter.o bin/analise.o bin/hist.o
ranlib lib/libBIU.a
echo compiling... main/pet.cpp [bin/pet.o]
g++ -std=c++11 -g -O3 -pthread -std=c++17 -m64 -I/home/joaobiu/root/include -fPIC -c -o bin/pet.o main/pet.cpp -I src -I /usr/include/eigen3 
echo executable... bin/pet.o [bin/pet.exe]
g++ -std=c++11 -g -O3 -pthread -std=c++17 -m64 -I/home/joaobiu/root/include -fPIC -o bin/pet.exe bin/pet.o -I src -I /usr/include/eigen3 -L lib -l BIU -L/home/joaobiu/root/lib -lCore -lImt -lRIO -lNet -lHist -lGraf -lGraf3d -lGpad -lROOTVecOps -lTree -lTreePlayer -lRint -lPostscript -lMatrix -lPhysics -lMathCore -lThread -lMultiProc -lROOTDataFrame -Wl,-rpath,/home/joaobiu/root/lib -pthread -lm -ldl -rdynamic
echo compiling... main/test.cpp [bin/test.o]
g++ -std=c++11 -g -O3 -pthread -std=c++17 -m64 -I/home/joaobiu/root/include -fPIC -c -o bin/test.o main/test.cpp -I src -I /usr/include/eigen3 
echo executable... bin/test.o [bin/test.exe]
g++ -std=c++11 -g -O3 -pthread -std=c++17 -m64 -I/home/joaobiu/root/include -fPIC -o bin/test.exe bin/test.o -I src -I /usr/include/eigen3 -L lib -l BIU -L/home/joaobiu/root/lib -lCore -lImt -lRIO -lNet -lHist -lGraf -lGraf3d -lGpad -lROOTVecOps -lTree -lTreePlayer -lRint -lPostscript -lMatrix -lPhysics -lMathCore -lThread -lMultiProc -lROOTDataFrame -Wl,-rpath,/home/joaobiu/root/lib -pthread -lm -ldl -rdynamic
rm bin/pet.o bin/test.o
make: Leaving directory '/home/joaobiu/LFEA'
 
