make all --print-data-base --no-builtin-variables --no-builtin-rules --question
# GNU Make 4.3
# Built for x86_64-pc-linux-gnu
# Copyright (C) 1988-2020 Free Software Foundation, Inc.
# License GPLv3+: GNU GPL version 3 or later <http://gnu.org/licenses/gpl.html>
# This is free software: you are free to change and redistribute it.
# There is NO WARRANTY, to the extent permitted by law.

# Make data base, printed on Mon Oct 24 10:47:23 2022

# Variables

# environment
GDK_BACKEND = x11
# environment
LC_ALL = C
# environment
GNOME_SHELL_SESSION_MODE = ubuntu
# environment
SSH_AGENT_LAUNCHER = gnome-keyring
# environment
CMAKE_PREFIX_PATH = /home/joaobiu/root
# environment
SNAP_INSTANCE_KEY = 
# environment
JUPYTER_PATH = /home/joaobiu/root/etc/notebook
# environment
GJS_DEBUG_OUTPUT = stderr
# makefile (from 'Makefile', line 18)
VPATH = main:src
# environment
VSCODE_CWD = /home/joaobiu
# environment
JUPYTER_CONFIG_DIR = /home/joaobiu/root/etc/notebook
# environment
WINDOWPATH = 2
# default
MAKE_COMMAND := make
# environment
QT_ACCESSIBILITY = 1
# automatic
@D = $(patsubst %/,%,$(dir $@))
# environment
SNAP_INSTANCE_NAME = code
# environment
GDK_PIXBUF_MODULEDIR = /snap/code/111/usr/lib/x86_64-linux-gnu/gdk-pixbuf-2.0/2.10.0/loaders
# environment
ROOTSYS = /home/joaobiu/root
# environment
VSCODE_HANDLES_UNCAUGHT_ERRORS = true
# default
.VARIABLES := 
# environment
PWD = /home/joaobiu/LFEA
# automatic
%D = $(patsubst %/,%,$(dir $%))
# environment
XDG_DATA_DIRS = /usr/share/ubuntu-xorg:/usr/share/gnome:/usr/local/share/:/usr/share/:/var/lib/snapd/desktop
# automatic
^D = $(patsubst %/,%,$(dir $^))
# automatic
%F = $(notdir $%)
# environment
VSCODE_CODE_CACHE_PATH = /home/joaobiu/.config/Code/CachedData/d045a5eda657f4d7b676dedbfa7aab8207f8a075
# environment
LANG = C
# environment
XAUTHORITY = /run/user/1000/gdm/Xauthority
# default
.LOADED := 
# default
.INCLUDE_DIRS = /usr/local/include /usr/include /usr/include
# makefile
MAKEFLAGS = pqrR
# makefile
CURDIR := /home/joaobiu/LFEA
# environment
APPLICATION_INSIGHTS_NO_DIAGNOSTIC_CHANNEL = 1
# environment
LESSOPEN = | /usr/bin/lesspipe %s
# makefile (from 'Makefile', line 8)
SRCS := src/DataPoints.cpp src/DataReader.cpp src/Fitter.cpp src/analise.cpp src/hist.cpp src/multifit.cpp
# automatic
*D = $(patsubst %/,%,$(dir $*))
# environment
MFLAGS = -pqrR
# environment
SSH_AUTH_SOCK = /run/user/1000/keyring/ssh
# default
.SHELLFLAGS := -c
# environment
XDG_CONFIG_DIRS = /etc/xdg/xdg-ubuntu-xorg:/etc/xdg
# automatic
+D = $(patsubst %/,%,$(dir $+))
# environment
XDG_SESSION_DESKTOP = ubuntu-xorg
# makefile (from 'Makefile', line 1)
MAKEFILE_LIST := Makefile
# environment
SNAP_REEXEC = 
# automatic
@F = $(notdir $@)
# makefile (from 'Makefile', line 12)
ROOT_LIB := -L/home/joaobiu/root/lib -lCore -lImt -lRIO -lNet -lHist -lGraf -lGraf3d -lGpad -lROOTVecOps -lTree -lTreePlayer -lRint -lPostscript -lMatrix -lPhysics -lMathCore -lThread -lMultiProc -lROOTDataFrame -Wl,-rpath,/home/joaobiu/root/lib -pthread -lm -ldl -rdynamic
# environment
VSCODE_PID = 10780
# environment
XDG_SESSION_TYPE = x11
# automatic
?D = $(patsubst %/,%,$(dir $?))
# environment
DYLD_LIBRARY_PATH = /home/joaobiu/root/lib
# environment
BAMF_DESKTOP_FILE_HINT = /var/lib/snapd/desktop/applications/code_code.desktop
# makefile (from 'Makefile', line 11)
ROOT_INC := -I /home/joaobiu/root/include
# environment
SESSION_MANAGER = local/joaobiu-IdeaPad-5-15ARE05:@/tmp/.ICE-unix/1981,unix/joaobiu-IdeaPad-5-15ARE05:/tmp/.ICE-unix/1981
# automatic
*F = $(notdir $*)
# environment
MANPATH = /home/joaobiu/root/man:/home/joaobiu/.local/share/man:/usr/local/man:/usr/local/share/man:/usr/share/man
# environment
CHROME_DESKTOP = code-url-handler.desktop
# environment
DBUS_SESSION_BUS_ADDRESS = unix:path=/run/user/1000/bus
# environment
LIBPATH = /home/joaobiu/root/lib
# automatic
<D = $(patsubst %/,%,$(dir $<))
# environment
VSCODE_NLS_CONFIG = {"locale":"pt-br","availableLanguages":{},"_languagePackSupport":true}
# default
MAKE_HOST := x86_64-pc-linux-gnu
# makefile (from 'Makefile', line 9)
OBJS :=  bin/DataPoints.o  bin/DataReader.o  bin/Fitter.o  bin/analise.o  bin/hist.o  bin/multifit.o
# environment
GNOME_DESKTOP_SESSION_ID = this-is-deprecated
# makefile
SHELL = /bin/sh
# default
MAKECMDGOALS := all
# environment
XMODIFIERS = @im=ibus
# environment
LD_LIBRARY_PATH = /home/joaobiu/root/lib
# environment
GJS_DEBUG_TOPICS = JS ERROR;JS LOG
# environment
SHLVL = 0
# environment
MAKELEVEL := 0
# default
MAKE = $(MAKE_COMMAND)
# environment
CLING_STANDARD_PCH = none
# environment
SNAP_COOKIE = 0zJzSDLUayawyk5YNzaGgI0tteaD1knKEIdio7wpWrb3ZxtZoRGS
# environment
PATH = /home/joaobiu/.local/bin:/home/joaobiu/bin:/home/joaobiu/root/bin:/home/joaobiu/.local/bin:/home/joaobiu/bin:/usr/local/sbin:/usr/local/bin:/usr/sbin:/usr/bin:/sbin:/bin:/usr/games:/usr/local/games:/snap/bin:/snap/bin
# default
MAKEFILES := 
# environment
LANGUAGE = pt:pt_BR:en
# automatic
^F = $(notdir $^)
# environment
SNAP_USER_COMMON = /home/joaobiu/snap/code/common
# environment
SNAP = /snap/code/111
# environment
INVOCATION_ID = cab8391d9cc04f679d33928a604fb158
# environment
SNAP_REVISION = 111
# environment
SNAP_REAL_HOME = /home/joaobiu
# environment
USERNAME = joaobiu
# environment
LESSCLOSE = /usr/bin/lesspipe %s %s
# automatic
?F = $(notdir $?)
# environment
XDG_CURRENT_DESKTOP = Unity
# environment
LS_COLORS = 
# automatic
+F = $(notdir $+)
# environment
DESKTOP_SESSION = ubuntu-xorg
# environment
ORIGINAL_XDG_CURRENT_DESKTOP = ubuntu:GNOME
# 'override' directive
GNUMAKEFLAGS := 
# environment
LOGNAME = joaobiu
# environment
GIO_LAUNCHED_DESKTOP_FILE = /var/lib/snapd/desktop/applications/code_code.desktop
# environment
SNAP_ARCH = amd64
# makefile (from 'Makefile', line 10)
EXES :=  bin/45.exe  bin/90.exe  bin/CorAng.exe  bin/VarPos.exe  bin/ang_pos.exe  bin/coinfort.exe  bin/iris.exe  bin/iris2.exe  bin/na22_1.exe  bin/na22_2.exe  bin/nacl_todo.exe  bin/pet.exe  bin/rafaela.exe  bin/rend.exe  bin/si.exe  bin/si_lab2.exe  bin/test.exe  bin/var2.exe  bin/var3.exe
# makefile
.DEFAULT_GOAL := all
# environment
SYSTEMD_EXEC_PID = 2002
# environment
DISPLAY = :0
# environment
USER = joaobiu
# environment
GTK_MODULES = gail:atk-bridge
# default
MAKE_VERSION := 4.3
# 'override' directive
.SHELLSTATUS := 0
# environment
SNAP_DATA = /var/snap/code/111
# environment
SNAP_CONTEXT = 0zJzSDLUayawyk5YNzaGgI0tteaD1knKEIdio7wpWrb3ZxtZoRGS
# environment
MANAGERPID = 1689
# environment
GIO_LAUNCHED_DESKTOP_FILE_PID = 10727
# environment
PYTHONPATH = /home/joaobiu/root/lib
# makefile (from 'Makefile', line 13)
EIGEN_INC := -I /usr/include/eigen3
# environment
_ = /snap/code/111/usr/share/code/code
# environment
XDG_RUNTIME_DIR = /run/user/1000
# environment
GPG_AGENT_INFO = /run/user/1000/gnupg/S.gpg-agent:0:1
# environment
GDK_PIXBUF_MODULE_FILE = /home/joaobiu/snap/code/common/.cache/gdk-pixbuf-loaders.cache
# environment
JOURNAL_STREAM = 8:41030
# environment
XDG_SESSION_CLASS = user
# environment
VSCODE_AMD_ENTRYPOINT = vs/workbench/api/node/extensionHostProcess
# environment
HOME = /home/joaobiu
# environment
QT_IM_MODULE = ibus
# environment
ELECTRON_RUN_AS_NODE = 1
# environment
VSCODE_IPC_HOOK = /run/user/1000/vscode-f8712f32-1.72.2-main.sock
# environment
SNAP_NAME = code
# environment
GSETTINGS_SCHEMA_DIR = /snap/code/111/usr/share/glib-2.0/schemas
# environment
IM_CONFIG_PHASE = 1
# default
.RECIPEPREFIX := 
 
# automatic
<F = $(notdir $<)
# environment
SNAP_VERSION = d045a5ed
# default
SUFFIXES := 
# environment
SHLIB_PATH = /home/joaobiu/root/lib
# environment
VSCODE_CLI = 1
# environment
ELECTRON_NO_ATTACH_CONSOLE = 1
# environment
SNAP_COMMON = /var/snap/code/common
# makefile (from 'Makefile', line 4)
CXXFLAGS := -pthread -std=c++17 -m64 -I/home/joaobiu/root/include -fPIC
# default
.FEATURES := target-specific order-only second-expansion else-if shortest-stem undefine oneshell nocomment grouped-target extra-prereqs archives jobserver output-sync check-symlink load
# makefile (from 'Makefile', line 3)
CXX := g++ -std=c++11 -g -O3
# environment
SNAP_USER_DATA = /home/joaobiu/snap/code/111
# environment
XDG_MENU_PREFIX = gnome-
# environment
GDMSESSION = ubuntu-xorg
# environment
SNAP_LIBRARY_PATH = /var/lib/snapd/lib/gl:/var/lib/snapd/lib/gl32:/var/lib/snapd/void
# variable set hash-table stats:
# Load=137/1024=13%, Rehash=0, Collisions=8/194=4%

# Pattern-specific Variable Values

# No pattern-specific variable values.

# Directories

# main/bin: could not be stat'd.
# src/bin: could not be stat'd.
# main/lib: could not be stat'd.
# src (device 66309, inode 4331421): 14 files, no impossibilities.
# . (device 66309, inode 4326667): 31 files, no impossibilities.
# main (device 66309, inode 4331406): 24 files, no impossibilities.
# bin (device 66309, inode 4331295): 2 files, no impossibilities.
# src/lib: could not be stat'd.
# lib (device 66309, inode 4331404): No files, no impossibilities so far.

# 71 files, no impossibilities in 9 directories.

# Implicit Rules

lib/%.a: bin/DataPoints.o bin/DataReader.o bin/Fitter.o bin/analise.o bin/hist.o bin/multifit.o
#  recipe to execute (from 'Makefile', line 25):
	@echo making lib...[$^]
		ar ruv $@ $^
			ranlib $@

bin/%.exe: bin/%.o lib/libBIU.a
#  recipe to execute (from 'Makefile', line 30):
	@echo executable... $< [$@]
		$(CXX) $(CXXFLAGS) -o $@ $< -I src $(EIGEN_INC) -L lib -l BIU $(ROOT_LIB)

bin/%.o: %.cpp
#  recipe to execute (from 'Makefile', line 34):
	@echo compiling... $< [$@]
		$(CXX) $(CXXFLAGS) -c -o $@ $< -I src $(EIGEN_INC) 

# 3 implicit rules, 0 (0.0%) terminal.
# Files

# Not a target:
bin/pet.exe:
#  Implicit rule search has not been done.
#  Modification time never checked.
#  File has not been updated.

# Not a target:
bin/nacl_todo.exe:
#  Implicit rule search has not been done.
#  Modification time never checked.
#  File has not been updated.

bin/45.exe: bin/45.o lib/libBIU.a
#  Implicit rule search has been done.
#  Implicit/static pattern stem: '45'
#  File does not exist.
#  File has been updated.
#  Needs to be updated (-q is set).
# variable set hash-table stats:
# Load=0/32=0%, Rehash=0, Collisions=0/12=0%
#  recipe to execute (from 'Makefile', line 30):
	@echo executable... $< [$@]
		$(CXX) $(CXXFLAGS) -o $@ $< -I src $(EIGEN_INC) -L lib -l BIU $(ROOT_LIB)

# Not a target:
bin/analise.o:
#  Precious file (prerequisite of .PRECIOUS).
#  Implicit rule search has not been done.
#  Modification time never checked.
#  File has not been updated.

# Not a target:
bin/CorAng.exe:
#  Implicit rule search has not been done.
#  Modification time never checked.
#  File has not been updated.

# Not a target:
src/DataPoints.cpp:
#  Implicit rule search has been done.
#  Last modified 2022-06-05 17:45:24.797938485
#  File has been updated.
#  Successfully updated.

# Not a target:
bin/rafaela.exe:
#  Implicit rule search has not been done.
#  Modification time never checked.
#  File has not been updated.

dump:
#  Implicit rule search has not been done.
#  Modification time never checked.
#  File has not been updated.
#  recipe to execute (from 'Makefile', line 42):
	@echo SRCS...[$(SRCS)] [$(OBJS)] [$(EXES)]

.PRECIOUS: bin/DataPoints.o bin/DataReader.o bin/Fitter.o bin/analise.o bin/hist.o bin/multifit.o
#  Implicit rule search has not been done.
#  Modification time never checked.
#  File has not been updated.

# Not a target:
Makefile:
#  Implicit rule search has been done.
#  Last modified 2022-06-05 17:45:24.377927008
#  File has been updated.
#  Successfully updated.

lib: lib/libBIU.a
#  Implicit rule search has not been done.
#  Modification time never checked.
#  File has not been updated.

# Not a target:
bin/na22_2.exe:
#  Implicit rule search has not been done.
#  Modification time never checked.
#  File has not been updated.

# Not a target:
bin/var3.exe:
#  Implicit rule search has not been done.
#  Modification time never checked.
#  File has not been updated.

# Not a target:
bin/VarPos.exe:
#  Implicit rule search has not been done.
#  Modification time never checked.
#  File has not been updated.

clean:
#  Implicit rule search has not been done.
#  Modification time never checked.
#  File has not been updated.
#  recipe to execute (from 'Makefile', line 38):
	@echo cleaning...
	rm -f $(wildcard bin/*) $(wildcard lib/*)

# Not a target:
bin/iris.exe:
#  Implicit rule search has not been done.
#  Modification time never checked.
#  File has not been updated.

# Not a target:
bin/ang_pos.exe:
#  Implicit rule search has not been done.
#  Modification time never checked.
#  File has not been updated.

# Not a target:
bin/var2.exe:
#  Implicit rule search has not been done.
#  Modification time never checked.
#  File has not been updated.

# Not a target:
bin/coinfort.exe:
#  Implicit rule search has not been done.
#  Modification time never checked.
#  File has not been updated.

bin/DataPoints.o: src/DataPoints.cpp
#  Precious file (prerequisite of .PRECIOUS).
#  Implicit rule search has been done.
#  Implicit/static pattern stem: 'DataPoints'
#  File does not exist.
#  File has been updated.
#  Needs to be updated (-q is set).
# automatic
# @ := bin/DataPoints.o
# automatic
# * := DataPoints
# automatic
# < := src/DataPoints.cpp
# automatic
# + := src/DataPoints.cpp
# automatic
# % := 
# automatic
# ^ := src/DataPoints.cpp
# automatic
# ? := src/DataPoints.cpp
# automatic
# | := 
# variable set hash-table stats:
# Load=8/32=25%, Rehash=0, Collisions=1/18=6%
#  recipe to execute (from 'Makefile', line 34):
	@echo compiling... $< [$@]
		$(CXX) $(CXXFLAGS) -c -o $@ $< -I src $(EIGEN_INC) 

# Not a target:
bin/hist.o:
#  Precious file (prerequisite of .PRECIOUS).
#  Implicit rule search has not been done.
#  Modification time never checked.
#  File has not been updated.

bin/45.o: main/45.cpp
#  Implicit rule search has been done.
#  Implicit/static pattern stem: '45'
#  File is an intermediate prerequisite.
#  File does not exist.
#  File has been updated.
#  Needs to be updated (-q is set).
# automatic
# @ := bin/45.o
# automatic
# * := 45
# automatic
# < := main/45.cpp
# automatic
# + := main/45.cpp
# automatic
# % := 
# automatic
# ^ := main/45.cpp
# automatic
# ? := main/45.cpp
# automatic
# | := 
# variable set hash-table stats:
# Load=8/32=25%, Rehash=0, Collisions=1/18=6%
#  recipe to execute (from 'Makefile', line 34):
	@echo compiling... $< [$@]
		$(CXX) $(CXXFLAGS) -c -o $@ $< -I src $(EIGEN_INC) 

# Not a target:
main/45.cpp:
#  Implicit rule search has been done.
#  Last modified 2022-10-02 13:22:43.01920504
#  File has been updated.
#  Successfully updated.

# Not a target:
bin/Fitter.o:
#  Precious file (prerequisite of .PRECIOUS).
#  Implicit rule search has not been done.
#  Modification time never checked.
#  File has not been updated.

# Not a target:
bin/si.exe:
#  Implicit rule search has not been done.
#  Modification time never checked.
#  File has not been updated.

# Not a target:
bin/na22_1.exe:
#  Implicit rule search has not been done.
#  Modification time never checked.
#  File has not been updated.

 
# Not a target:
bin/DataReader.o:
#  Precious file (prerequisite of .PRECIOUS).
#  Implicit rule search has not been done.
#  Modification time never checked.
#  File has not been updated.

# Not a target:
.DEFAULT:
#  Implicit rule search has not been done.
#  Modification time never checked.
#  File has not been updated.

all: bin/45.exe bin/90.exe bin/CorAng.exe bin/VarPos.exe bin/ang_pos.exe bin/coinfort.exe bin/iris.exe bin/iris2.exe bin/na22_1.exe bin/na22_2.exe bin/nacl_todo.exe bin/pet.exe bin/rafaela.exe bin/rend.exe bin/si.exe bin/si_lab2.exe bin/test.exe bin/var2.exe bin/var3.exe
#  Command line target.
#  Implicit rule search has been done.
#  File does not exist.
#  File has been updated.
#  Needs to be updated (-q is set).
# variable set hash-table stats:
# Load=0/32=0%, Rehash=0, Collisions=0/12=0%

# Not a target:
bin/iris2.exe:
#  Implicit rule search has not been done.
#  Modification time never checked.
#  File has not been updated.

# Not a target:
bin/90.exe:
#  Implicit rule search has not been done.
#  Modification time never checked.
#  File has not been updated.

# Not a target:
bin/rend.exe:
#  Implicit rule search has not been done.
#  Modification time never checked.
#  File has not been updated.

# Not a target:
bin/test.exe:
#  Implicit rule search has not been done.
#  Modification time never checked.
#  File has not been updated.

# Not a target:
bin/si_lab2.exe:
#  Implicit rule search has not been done.
#  Modification time never checked.
#  File has not been updated.

# Not a target:
bin/multifit.o:
#  Precious file (prerequisite of .PRECIOUS).
#  Implicit rule search has not been done.
#  Modification time never checked.
#  File has not been updated.

lib/libBIU.a: bin/DataPoints.o bin/DataReader.o bin/Fitter.o bin/analise.o bin/hist.o bin/multifit.o
#  Implicit rule search has been done.
#  Implicit/static pattern stem: 'libBIU'
#  File does not exist.
#  File has been updated.
#  Needs to be updated (-q is set).
# variable set hash-table stats:
# Load=0/32=0%, Rehash=0, Collisions=0/6=0%
#  recipe to execute (from 'Makefile', line 25):
	@echo making lib...[$^]
		ar ruv $@ $^
			ranlib $@

# files hash-table stats:
# Load=37/1024=4%, Rehash=0, Collisions=8/135=6%
# VPATH Search Paths

# No 'vpath' search paths.

# General ('VPATH' variable) search path:
# main:src

# strcache buffers: 1 (0) / strings = 112 / storage = 1209 B / avg = 10 B
# current buf: size = 8162 B / used = 1209 B / count = 112 / avg = 10 B

# strcache performance: lookups = 168 / hit rate = 33%
# hash-table stats:
# Load=112/8192=1%, Rehash=0, Collisions=5/168=3%
# Finished Make data base on Mon Oct 24 10:47:23 2022

 
